<?xml version="1.0" encoding="UTF-8"?>
<!-- Generated by org.testng.reporters.JUnitReportReporter -->
<testsuite skipped="0" hostname="NAZIA-ACER-SWIFT" name="testRunner.testRun" tests="5" failures="0" timestamp="2022-07-30T12:50:27 IST" time="11.133" errors="5">
  <testcase name="runScenario" time="1.906" classname="testRunner.testRun">
    <error type="org.openqa.selenium.SessionNotCreatedException" message="Could not start a new session. Response code 500. Message: session not created: This version of ChromeDriver only supports Chrome version 96
Current browser version is 103.0.5060.134 with binary path C:\Program Files (x86)\Google\Chrome\Application\chrome.exe
Build info: version: &#039;4.0.0&#039;, revision: &#039;3a21814679&#039;
System info: host: &#039;NAZIA-ACER-SWIF&#039;, ip: &#039;192.168.0.119&#039;, os.name: &#039;Windows 10&#039;, os.arch: &#039;amd64&#039;, os.version: &#039;10.0&#039;, java.version: &#039;1.8.0_241&#039;
Driver info: org.openqa.selenium.chrome.ChromeDriver
Command: [null, newSession {capabilities=[Capabilities {browserName: chrome, goog:chromeOptions: {args: [], extensions: []}}], desiredCapabilities=Capabilities {browserName: chrome, goog:chromeOptions: {args: [], extensions: []}}}]">
      <![CDATA[org.openqa.selenium.SessionNotCreatedException: Could not start a new session. Response code 500. Message: session not created: This version of ChromeDriver only supports Chrome version 96
Current browser version is 103.0.5060.134 with binary path C:\Program Files (x86)\Google\Chrome\Application\chrome.exe
Build info: version: '4.0.0', revision: '3a21814679'
System info: host: 'NAZIA-ACER-SWIF', ip: '192.168.0.119', os.name: 'Windows 10', os.arch: 'amd64', os.version: '10.0', java.version: '1.8.0_241'
Driver info: org.openqa.selenium.chrome.ChromeDriver
Command: [null, newSession {capabilities=[Capabilities {browserName: chrome, goog:chromeOptions: {args: [], extensions: []}}], desiredCapabilities=Capabilities {browserName: chrome, goog:chromeOptions: {args: [], extensions: []}}}]
at org.openqa.selenium.remote.ProtocolHandshake.createSession(ProtocolHandshake.java:126)
at org.openqa.selenium.remote.ProtocolHandshake.createSession(ProtocolHandshake.java:84)
at org.openqa.selenium.remote.ProtocolHandshake.createSession(ProtocolHandshake.java:62)
at org.openqa.selenium.remote.HttpCommandExecutor.execute(HttpCommandExecutor.java:156)
at org.openqa.selenium.remote.service.DriverCommandExecutor.invokeExecute(DriverCommandExecutor.java:164)
at org.openqa.selenium.remote.service.DriverCommandExecutor.execute(DriverCommandExecutor.java:139)
at org.openqa.selenium.remote.RemoteWebDriver.execute(RemoteWebDriver.java:559)
at org.openqa.selenium.remote.RemoteWebDriver.startSession(RemoteWebDriver.java:246)
at org.openqa.selenium.remote.RemoteWebDriver.<init>(RemoteWebDriver.java:168)
at org.openqa.selenium.chromium.ChromiumDriver.<init>(ChromiumDriver.java:108)
at org.openqa.selenium.chrome.ChromeDriver.<init>(ChromeDriver.java:104)
at org.openqa.selenium.chrome.ChromeDriver.<init>(ChromeDriver.java:91)
at org.openqa.selenium.chrome.ChromeDriver.<init>(ChromeDriver.java:46)
at stepDefinitions.Hooks.setUp(Hooks.java:13)
]]>
    </error>
  </testcase> <!-- runScenario -->
  <system-out/>
  <testcase name="runScenario" time="1.957" classname="testRunner.testRun">
    <error type="org.openqa.selenium.SessionNotCreatedException" message="Could not start a new session. Response code 500. Message: session not created: This version of ChromeDriver only supports Chrome version 96
Current browser version is 103.0.5060.134 with binary path C:\Program Files (x86)\Google\Chrome\Application\chrome.exe
Build info: version: &#039;4.0.0&#039;, revision: &#039;3a21814679&#039;
System info: host: &#039;NAZIA-ACER-SWIF&#039;, ip: &#039;192.168.0.119&#039;, os.name: &#039;Windows 10&#039;, os.arch: &#039;amd64&#039;, os.version: &#039;10.0&#039;, java.version: &#039;1.8.0_241&#039;
Driver info: org.openqa.selenium.chrome.ChromeDriver
Command: [null, newSession {capabilities=[Capabilities {browserName: chrome, goog:chromeOptions: {args: [], extensions: []}}], desiredCapabilities=Capabilities {browserName: chrome, goog:chromeOptions: {args: [], extensions: []}}}]">
      <![CDATA[org.openqa.selenium.SessionNotCreatedException: Could not start a new session. Response code 500. Message: session not created: This version of ChromeDriver only supports Chrome version 96
Current browser version is 103.0.5060.134 with binary path C:\Program Files (x86)\Google\Chrome\Application\chrome.exe
Build info: version: '4.0.0', revision: '3a21814679'
System info: host: 'NAZIA-ACER-SWIF', ip: '192.168.0.119', os.name: 'Windows 10', os.arch: 'amd64', os.version: '10.0', java.version: '1.8.0_241'
Driver info: org.openqa.selenium.chrome.ChromeDriver
Command: [null, newSession {capabilities=[Capabilities {browserName: chrome, goog:chromeOptions: {args: [], extensions: []}}], desiredCapabilities=Capabilities {browserName: chrome, goog:chromeOptions: {args: [], extensions: []}}}]
at org.openqa.selenium.remote.ProtocolHandshake.createSession(ProtocolHandshake.java:126)
at org.openqa.selenium.remote.ProtocolHandshake.createSession(ProtocolHandshake.java:84)
at org.openqa.selenium.remote.ProtocolHandshake.createSession(ProtocolHandshake.java:62)
at org.openqa.selenium.remote.HttpCommandExecutor.execute(HttpCommandExecutor.java:156)
at org.openqa.selenium.remote.service.DriverCommandExecutor.invokeExecute(DriverCommandExecutor.java:164)
at org.openqa.selenium.remote.service.DriverCommandExecutor.execute(DriverCommandExecutor.java:139)
at org.openqa.selenium.remote.RemoteWebDriver.execute(RemoteWebDriver.java:559)
at org.openqa.selenium.remote.RemoteWebDriver.startSession(RemoteWebDriver.java:246)
at org.openqa.selenium.remote.RemoteWebDriver.<init>(RemoteWebDriver.java:168)
at org.openqa.selenium.chromium.ChromiumDriver.<init>(ChromiumDriver.java:108)
at org.openqa.selenium.chrome.ChromeDriver.<init>(ChromeDriver.java:104)
at org.openqa.selenium.chrome.ChromeDriver.<init>(ChromeDriver.java:91)
at org.openqa.selenium.chrome.ChromeDriver.<init>(ChromeDriver.java:46)
at stepDefinitions.Hooks.setUp(Hooks.java:13)
]]>
    </error>
  </testcase> <!-- runScenario -->
  <system-out/>
  <testcase name="runScenario" time="1.921" classname="testRunner.testRun">
    <error type="org.openqa.selenium.SessionNotCreatedException" message="Could not start a new session. Response code 500. Message: session not created: This version of ChromeDriver only supports Chrome version 96
Current browser version is 103.0.5060.134 with binary path C:\Program Files (x86)\Google\Chrome\Application\chrome.exe
Build info: version: &#039;4.0.0&#039;, revision: &#039;3a21814679&#039;
System info: host: &#039;NAZIA-ACER-SWIF&#039;, ip: &#039;192.168.0.119&#039;, os.name: &#039;Windows 10&#039;, os.arch: &#039;amd64&#039;, os.version: &#039;10.0&#039;, java.version: &#039;1.8.0_241&#039;
Driver info: org.openqa.selenium.chrome.ChromeDriver
Command: [null, newSession {capabilities=[Capabilities {browserName: chrome, goog:chromeOptions: {args: [], extensions: []}}], desiredCapabilities=Capabilities {browserName: chrome, goog:chromeOptions: {args: [], extensions: []}}}]">
      <![CDATA[org.openqa.selenium.SessionNotCreatedException: Could not start a new session. Response code 500. Message: session not created: This version of ChromeDriver only supports Chrome version 96
Current browser version is 103.0.5060.134 with binary path C:\Program Files (x86)\Google\Chrome\Application\chrome.exe
Build info: version: '4.0.0', revision: '3a21814679'
System info: host: 'NAZIA-ACER-SWIF', ip: '192.168.0.119', os.name: 'Windows 10', os.arch: 'amd64', os.version: '10.0', java.version: '1.8.0_241'
Driver info: org.openqa.selenium.chrome.ChromeDriver
Command: [null, newSession {capabilities=[Capabilities {browserName: chrome, goog:chromeOptions: {args: [], extensions: []}}], desiredCapabilities=Capabilities {browserName: chrome, goog:chromeOptions: {args: [], extensions: []}}}]
at org.openqa.selenium.remote.ProtocolHandshake.createSession(ProtocolHandshake.java:126)
at org.openqa.selenium.remote.ProtocolHandshake.createSession(ProtocolHandshake.java:84)
at org.openqa.selenium.remote.ProtocolHandshake.createSession(ProtocolHandshake.java:62)
at org.openqa.selenium.remote.HttpCommandExecutor.execute(HttpCommandExecutor.java:156)
at org.openqa.selenium.remote.service.DriverCommandExecutor.invokeExecute(DriverCommandExecutor.java:164)
at org.openqa.selenium.remote.service.DriverCommandExecutor.execute(DriverCommandExecutor.java:139)
at org.openqa.selenium.remote.RemoteWebDriver.execute(RemoteWebDriver.java:559)
at org.openqa.selenium.remote.RemoteWebDriver.startSession(RemoteWebDriver.java:246)
at org.openqa.selenium.remote.RemoteWebDriver.<init>(RemoteWebDriver.java:168)
at org.openqa.selenium.chromium.ChromiumDriver.<init>(ChromiumDriver.java:108)
at org.openqa.selenium.chrome.ChromeDriver.<init>(ChromeDriver.java:104)
at org.openqa.selenium.chrome.ChromeDriver.<init>(ChromeDriver.java:91)
at org.openqa.selenium.chrome.ChromeDriver.<init>(ChromeDriver.java:46)
at stepDefinitions.Hooks.setUp(Hooks.java:13)
]]>
    </error>
  </testcase> <!-- runScenario -->
  <system-out/>
  <testcase name="runScenario" time="1.854" classname="testRunner.testRun">
    <error type="org.openqa.selenium.SessionNotCreatedException" message="Could not start a new session. Response code 500. Message: session not created: This version of ChromeDriver only supports Chrome version 96
Current browser version is 103.0.5060.134 with binary path C:\Program Files (x86)\Google\Chrome\Application\chrome.exe
Build info: version: &#039;4.0.0&#039;, revision: &#039;3a21814679&#039;
System info: host: &#039;NAZIA-ACER-SWIF&#039;, ip: &#039;192.168.0.119&#039;, os.name: &#039;Windows 10&#039;, os.arch: &#039;amd64&#039;, os.version: &#039;10.0&#039;, java.version: &#039;1.8.0_241&#039;
Driver info: org.openqa.selenium.chrome.ChromeDriver
Command: [null, newSession {capabilities=[Capabilities {browserName: chrome, goog:chromeOptions: {args: [], extensions: []}}], desiredCapabilities=Capabilities {browserName: chrome, goog:chromeOptions: {args: [], extensions: []}}}]">
      <![CDATA[org.openqa.selenium.SessionNotCreatedException: Could not start a new session. Response code 500. Message: session not created: This version of ChromeDriver only supports Chrome version 96
Current browser version is 103.0.5060.134 with binary path C:\Program Files (x86)\Google\Chrome\Application\chrome.exe
Build info: version: '4.0.0', revision: '3a21814679'
System info: host: 'NAZIA-ACER-SWIF', ip: '192.168.0.119', os.name: 'Windows 10', os.arch: 'amd64', os.version: '10.0', java.version: '1.8.0_241'
Driver info: org.openqa.selenium.chrome.ChromeDriver
Command: [null, newSession {capabilities=[Capabilities {browserName: chrome, goog:chromeOptions: {args: [], extensions: []}}], desiredCapabilities=Capabilities {browserName: chrome, goog:chromeOptions: {args: [], extensions: []}}}]
at org.openqa.selenium.remote.ProtocolHandshake.createSession(ProtocolHandshake.java:126)
at org.openqa.selenium.remote.ProtocolHandshake.createSession(ProtocolHandshake.java:84)
at org.openqa.selenium.remote.ProtocolHandshake.createSession(ProtocolHandshake.java:62)
at org.openqa.selenium.remote.HttpCommandExecutor.execute(HttpCommandExecutor.java:156)
at org.openqa.selenium.remote.service.DriverCommandExecutor.invokeExecute(DriverCommandExecutor.java:164)
at org.openqa.selenium.remote.service.DriverCommandExecutor.execute(DriverCommandExecutor.java:139)
at org.openqa.selenium.remote.RemoteWebDriver.execute(RemoteWebDriver.java:559)
at org.openqa.selenium.remote.RemoteWebDriver.startSession(RemoteWebDriver.java:246)
at org.openqa.selenium.remote.RemoteWebDriver.<init>(RemoteWebDriver.java:168)
at org.openqa.selenium.chromium.ChromiumDriver.<init>(ChromiumDriver.java:108)
at org.openqa.selenium.chrome.ChromeDriver.<init>(ChromeDriver.java:104)
at org.openqa.selenium.chrome.ChromeDriver.<init>(ChromeDriver.java:91)
at org.openqa.selenium.chrome.ChromeDriver.<init>(ChromeDriver.java:46)
at stepDefinitions.Hooks.setUp(Hooks.java:13)
]]>
    </error>
  </testcase> <!-- runScenario -->
  <system-out/>
  <testcase name="runScenario" time="3.495" classname="testRunner.testRun">
    <error type="org.openqa.selenium.SessionNotCreatedException" message="Could not start a new session. Response code 500. Message: session not created: This version of ChromeDriver only supports Chrome version 96
Current browser version is 103.0.5060.134 with binary path C:\Program Files (x86)\Google\Chrome\Application\chrome.exe
Build info: version: &#039;4.0.0&#039;, revision: &#039;3a21814679&#039;
System info: host: &#039;NAZIA-ACER-SWIF&#039;, ip: &#039;192.168.0.119&#039;, os.name: &#039;Windows 10&#039;, os.arch: &#039;amd64&#039;, os.version: &#039;10.0&#039;, java.version: &#039;1.8.0_241&#039;
Driver info: org.openqa.selenium.chrome.ChromeDriver
Command: [null, newSession {capabilities=[Capabilities {browserName: chrome, goog:chromeOptions: {args: [], extensions: []}}], desiredCapabilities=Capabilities {browserName: chrome, goog:chromeOptions: {args: [], extensions: []}}}]">
      <![CDATA[org.openqa.selenium.SessionNotCreatedException: Could not start a new session. Response code 500. Message: session not created: This version of ChromeDriver only supports Chrome version 96
Current browser version is 103.0.5060.134 with binary path C:\Program Files (x86)\Google\Chrome\Application\chrome.exe
Build info: version: '4.0.0', revision: '3a21814679'
System info: host: 'NAZIA-ACER-SWIF', ip: '192.168.0.119', os.name: 'Windows 10', os.arch: 'amd64', os.version: '10.0', java.version: '1.8.0_241'
Driver info: org.openqa.selenium.chrome.ChromeDriver
Command: [null, newSession {capabilities=[Capabilities {browserName: chrome, goog:chromeOptions: {args: [], extensions: []}}], desiredCapabilities=Capabilities {browserName: chrome, goog:chromeOptions: {args: [], extensions: []}}}]
at org.openqa.selenium.remote.ProtocolHandshake.createSession(ProtocolHandshake.java:126)
at org.openqa.selenium.remote.ProtocolHandshake.createSession(ProtocolHandshake.java:84)
at org.openqa.selenium.remote.ProtocolHandshake.createSession(ProtocolHandshake.java:62)
at org.openqa.selenium.remote.HttpCommandExecutor.execute(HttpCommandExecutor.java:156)
at org.openqa.selenium.remote.service.DriverCommandExecutor.invokeExecute(DriverCommandExecutor.java:164)
at org.openqa.selenium.remote.service.DriverCommandExecutor.execute(DriverCommandExecutor.java:139)
at org.openqa.selenium.remote.RemoteWebDriver.execute(RemoteWebDriver.java:559)
at org.openqa.selenium.remote.RemoteWebDriver.startSession(RemoteWebDriver.java:246)
at org.openqa.selenium.remote.RemoteWebDriver.<init>(RemoteWebDriver.java:168)
at org.openqa.selenium.chromium.ChromiumDriver.<init>(ChromiumDriver.java:108)
at org.openqa.selenium.chrome.ChromeDriver.<init>(ChromeDriver.java:104)
at org.openqa.selenium.chrome.ChromeDriver.<init>(ChromeDriver.java:91)
at org.openqa.selenium.chrome.ChromeDriver.<init>(ChromeDriver.java:46)
at stepDefinitions.Hooks.setUp(Hooks.java:13)
]]>
    </error>
  </testcase> <!-- runScenario -->
  <system-out/>
</testsuite> <!-- testRunner.testRun -->
