<?xml version="1.0" encoding="UTF-8"?>
<!-- Generated by org.testng.reporters.JUnitReportReporter -->
<testsuite skipped="0" hostname="NAZIA-ACER-SWIFT" name="testRunner.testRun" tests="1" failures="0" timestamp="2023-03-07T19:20:20 IST" time="30.319" errors="0">
  <testcase name="runScenario" time="30.319" classname="testRunner.testRun"/>
  <system-out/>
</testsuite> <!-- testRunner.testRun -->
